<?xml version="1.0" encoding="utf-8"?><testsuites><testsuite name="pytest" errors="0" failures="0" skipped="0" tests="13" time="0.454" timestamp="2026-07-16T16:56:05.350371+09:00" hostname="DESKTOP-G4U9APQ"><testcase classname="apps.sample-fastapi.tests.test_api" name="test_health_readiness_and_shared_queue_api" time="0.019" /><testcase classname="apps.sample-fastapi.tests.test_api" name="test_reset_and_prometheus_metrics" time="0.011" /><testcase classname="apps.sample-fastapi.tests.test_api" name="test_redis_failure_returns_service_unavailable" time="0.006" /><testcase classname="apps.sample-fastapi.tests.test_config" name="test_local_redis_defaults_use_plain_connection" time="0.001" /><testcase classname="apps.sample-fastapi.tests.test_config" name="test_elasticache_host_settings_enable_tls_and_certificate_validation" time="0.000" /><testcase classname="apps.sample-fastapi.tests.test_config" name="test_rediss_url_takes_precedence_over_redis_ssl_flag" time="0.001" /><testcase classname="apps.sample-fastapi.tests.test_config" name="test_invalid_redis_settings_fail_fast[kwargs0-scheme]" time="0.001" /><testcase classname="apps.sample-fastapi.tests.test_config" name="test_invalid_redis_settings_fail_fast[kwargs1-REDIS_SSL_CERT_REQS]" time="0.000" /><testcase classname="apps.sample-fastapi.tests.test_config" name="test_invalid_redis_settings_fail_fast[kwargs2-timeouts]" time="0.000" /><testcase classname="apps.sample-fastapi.tests.test_config" name="test_invalid_redis_settings_fail_fast[kwargs3-retry]" time="0.000" /><testcase classname="apps.sample-fastapi.tests.test_queue_service" name="test_services_share_queue_and_queue_survives_service_restart" time="0.001" /><testcase classname="apps.sample-fastapi.tests.test_queue_service" name="test_clear_returns_deleted_item_count" time="0.001" /><testcase classname="apps.sample-fastapi.tests.test_worker" name="test_worker_processes_each_queued_job_once" time="0.001" /></testsuite></testsuites>